Vivado Simulator v2025.1.0
Copyright 1986-2022 Xilinx, Inc. All Rights Reserved.
Copyright 2022-2025 Advanced Micro Devices, Inc. All Rights Reserved.
Running: C:/Xilinx/2025.1/Vivado/bin/unwrapped/win64.o/xelab.exe --incr --debug typical --relax --mt 2 -L xil_defaultlib -L unisims_ver -L unimacro_ver -L secureip --snapshot Counter4bit_tb_behav xil_defaultlib.Counter4bit_tb xil_defaultlib.glbl -log elaborate.log 
Using 2 slave threads.
Starting static elaboration
Pass Through NonSizing Optimizer
Completed static elaboration
Starting simulation data flow analysis
WARNING: [XSIM 43-4099] "C:/Users/htuta/cmpe124 Modules/cmpe124LabPrj1.srcs/sources_1/new/OneBitFullAdder.v" Line 1. Module OneBitFullAdder doesn't have a timescale but at least one module in design has a timescale.
WARNING: [XSIM 43-4099] "C:/Users/htuta/cmpe124 Modules/cmpe124LabPrj1.srcs/sources_1/new/OneBitFullAdder.v" Line 1. Module OneBitFullAdder doesn't have a timescale but at least one module in design has a timescale.
WARNING: [XSIM 43-4099] "C:/Users/htuta/cmpe124 Modules/cmpe124LabPrj1.srcs/sources_1/new/OneBitFullAdder.v" Line 1. Module OneBitFullAdder doesn't have a timescale but at least one module in design has a timescale.
WARNING: [XSIM 43-4099] "C:/Users/htuta/cmpe124 Modules/cmpe124LabPrj1.srcs/sources_1/new/OneBitFullAdder.v" Line 1. Module OneBitFullAdder doesn't have a timescale but at least one module in design has a timescale.
WARNING: [XSIM 43-4099] "C:/Users/htuta/cmpe124 Modules/cmpe124LabPrj1.srcs/sources_1/new/OneBitFullAdder.v" Line 1. Module OneBitFullAdder doesn't have a timescale but at least one module in design has a timescale.
WARNING: [XSIM 43-4099] "C:/Users/htuta/cmpe124 Modules/cmpe124LabPrj1.srcs/sources_1/new/OneBitFullAdder.v" Line 1. Module OneBitFullAdder doesn't have a timescale but at least one module in design has a timescale.
WARNING: [XSIM 43-4099] "C:/Users/htuta/cmpe124 Modules/cmpe124LabPrj1.srcs/sources_1/new/OneBitFullAdder.v" Line 1. Module OneBitFullAdder doesn't have a timescale but at least one module in design has a timescale.
WARNING: [XSIM 43-4099] "C:/Users/htuta/cmpe124 Modules/cmpe124LabPrj1.srcs/sources_1/new/OneBitFullAdder.v" Line 1. Module OneBitFullAdder doesn't have a timescale but at least one module in design has a timescale.
Completed simulation data flow analysis
Time Resolution for simulation is 1ps
Compiling module xil_defaultlib.OneBitFullAdder
Compiling module xil_defaultlib.FourBitsRCA
Compiling module xil_defaultlib.mux2to1
Compiling module xil_defaultlib.DFlipFlop
Compiling module xil_defaultlib.Counter4bit
Compiling module xil_defaultlib.Counter4bit_tb
Compiling module xil_defaultlib.glbl
Built simulation snapshot Counter4bit_tb_behav
